D:\Installation\Microsoft Visual Studio\2022\Community\MSBuild\Microsoft\VC\v170\Microsoft.CppBuild.targets(517,5): warning MSB8004: Output 目录未以斜杠结尾。  此生成实例将添加斜杠，因为必须有这个斜杠才能正确计算 Output 目录。
  main.c
E:\Code\Godot\DrawStudentID\DrawStudentID_Helper\main.c(26,110): warning C4267: “函数”: 从“size_t”转换到“DWORD”，可能丢失数据
E:\Code\Godot\DrawStudentID\DrawStudentID_Helper\main.c(36,112): warning C4133: “函数”: 从“char [256]”到“LPWSTR”的类型不兼容
E:\Code\Godot\DrawStudentID\DrawStudentID_Helper\main.c(37,21): warning C4477: “wprintf”: 格式字符串“%s”需要类型“unsigned short *”的参数，但可变参数 1 拥有了类型“char *”
      E:\Code\Godot\DrawStudentID\DrawStudentID_Helper\main.c(37,21):
      请考虑在格式字符串中使用“%hs”
      E:\Code\Godot\DrawStudentID\DrawStudentID_Helper\main.c(37,21):
      请考虑在格式字符串中使用“%Ts”
      E:\Code\Godot\DrawStudentID\DrawStudentID_Helper\main.c(37,21):
      Visual C++ 使用非标准语义时会出现此警告
  
E:\Code\Godot\DrawStudentID\DrawStudentID_Helper\main.c(43,108): warning C4133: “函数”: 从“char [256]”到“LPWSTR”的类型不兼容
E:\Code\Godot\DrawStudentID\DrawStudentID_Helper\main.c(44,17): warning C4477: “wprintf”: 格式字符串“%s”需要类型“unsigned short *”的参数，但可变参数 1 拥有了类型“char *”
      E:\Code\Godot\DrawStudentID\DrawStudentID_Helper\main.c(44,17):
      请考虑在格式字符串中使用“%hs”
      E:\Code\Godot\DrawStudentID\DrawStudentID_Helper\main.c(44,17):
      请考虑在格式字符串中使用“%Ts”
      E:\Code\Godot\DrawStudentID\DrawStudentID_Helper\main.c(44,17):
      Visual C++ 使用非标准语义时会出现此警告
  
E:\Code\Godot\DrawStudentID\DrawStudentID_Helper\main.c(58,13): warning C4101: “appName”: 未引用的局部变量
  正在生成代码
  Previous IPDB and IOBJ mismatch, fall back to full compilation.
  All 13 functions were compiled because no usable IPDB/IOBJ from previous compilation was found.
  已完成代码的生成
  DrawStudentID_Helper.vcxproj -> E:\Code\Godot\DrawStudentID\bin\DrawStudentID_Helper.exe
